2016-11-29T16:16:23.890Z - info: Initializing jsreport@1.2.0 in development mode using configuration file dev.config.json
2016-11-29T16:16:23.897Z - info: Searching for available extensions in /Users/mohammedzaki/Documents/Mohamed_Zaki_Private/4_PHP/b2bpos/
2016-11-29T16:16:23.902Z - info: Extensions location cache not found, crawling directories
2016-11-29T16:16:24.573Z - info: Found 26 extensions
2016-11-29T16:16:24.595Z - debug: Writing extension locations cache to /var/folders/ht/h9ngsqps69j0kpjx1yzc3c1c0000gn/T/jsreport-temp/extensions/locations.json
2016-11-29T16:16:24.597Z - debug: Discovered 26 extensions
2016-11-29T16:16:24.601Z - info: Using extension jsrender
2016-11-29T16:16:24.606Z - info: Using extension studio
2016-11-29T16:16:24.696Z - info: Using extension templates
2016-11-29T16:16:24.714Z - debug: Extension authentication is disabled, skipping
2016-11-29T16:16:24.714Z - info: Using extension handlebars
2016-11-29T16:16:24.716Z - info: Using extension debug
2016-11-29T16:16:24.717Z - info: Using extension express
2016-11-29T16:16:24.840Z - info: Using extension fop-pdf
2016-11-29T16:16:24.881Z - info: Using extension phantom-pdf
2016-11-29T16:16:24.937Z - info: Using extension fs-store
2016-11-29T16:16:25.237Z - info: Using extension authorization
2016-11-29T16:16:25.244Z - debug: Extension authorization was disabled
2016-11-29T16:16:25.244Z - info: Using extension images
2016-11-29T16:16:25.317Z - info: Using extension child-templates
2016-11-29T16:16:25.329Z - info: Using extension licensing
2016-11-29T16:16:25.362Z - info: Using extension data
2016-11-29T16:16:25.375Z - info: Using extension text
2016-11-29T16:16:25.376Z - info: Using extension reports
2016-11-29T16:16:25.387Z - info: Using extension resources
2016-11-29T16:16:25.398Z - info: Using extension browser-client
2016-11-29T16:16:25.400Z - info: Using extension html-to-xlsx
2016-11-29T16:16:25.493Z - info: Using extension scheduling
2016-11-29T16:16:25.551Z - info: Using extension scripts
2016-11-29T16:16:25.564Z - info: Using extension assets
2016-11-29T16:16:25.653Z - info: Using extension xlsx
2016-11-29T16:16:26.163Z - info: Using extension sample-template
2016-11-29T16:16:26.164Z - info: Using extension public-templates
2016-11-29T16:16:26.178Z - debug: Extension public-templates was disabled
2016-11-29T16:16:26.180Z - info: Initializing fs storage at /Users/mohammedzaki/Documents/Mohamed_Zaki_Private/4_PHP/b2bpos/data
2016-11-29T16:16:26.245Z - info: Creating default express app.
2016-11-29T16:16:26.383Z - info: jsreport server successfully started on http port: 5488
2016-11-29T16:16:26.388Z - warn: License not found, using free
2016-11-29T16:16:26.408Z - info: reporter initialized
2016-11-29T16:17:33.738Z - debug: OData query on templates
2016-11-29T16:17:33.742Z - debug: OData query on xlsxTemplates
2016-11-29T16:17:33.744Z - debug: OData query on images
2016-11-29T16:17:33.746Z - debug: OData query on data
2016-11-29T16:17:33.748Z - debug: OData query on scripts
2016-11-29T16:17:33.749Z - debug: OData query on assets
2016-11-29T16:17:33.757Z - debug: OData query on schedules
2016-11-29T16:17:33.767Z - debug: OData query on settings
2016-11-29T16:17:33.905Z - debug: OData query on templates
2016-11-29T16:17:33.924Z - debug: OData query on settings
2016-11-29T16:17:48.605Z - debug: OData query on data
2016-11-29T16:17:48.613Z - debug: OData query on templates
2016-11-29T16:17:48.706Z - debug: OData query on settings
2016-11-29T16:17:51.908Z - debug: OData query on templates
2016-11-29T16:17:51.914Z - debug: OData query on settings
2016-11-29T16:18:19.127Z - debug: OData query on templates
2016-11-29T16:18:19.130Z - debug: OData query on images
2016-11-29T16:18:19.131Z - debug: OData query on data
2016-11-29T16:18:19.133Z - debug: OData query on scripts
2016-11-29T16:18:19.135Z - debug: OData query on assets
2016-11-29T16:18:19.137Z - debug: OData query on xlsxTemplates
2016-11-29T16:18:19.139Z - debug: OData query on schedules
2016-11-29T16:18:19.145Z - debug: OData query on settings
2016-11-29T16:18:19.233Z - debug: OData query on templates
2016-11-29T16:18:19.244Z - debug: OData query on settings
2016-11-29T16:18:23.692Z - debug: OData query on data
2016-11-29T16:18:23.702Z - debug: OData query on templates
2016-11-29T16:18:23.786Z - debug: OData query on settings
2016-11-29T16:18:34.444Z - debug: OData query on templates
2016-11-29T16:18:34.451Z - debug: OData query on settings
2016-11-29T16:18:38.498Z - debug: OData query on templates
2016-11-29T16:18:38.504Z - debug: OData query on templates
2016-11-29T16:18:38.600Z - debug: OData query on settings
2016-11-29T16:18:49.076Z - info: Starting rendering request 1 (user: null) requestId=1
2016-11-29T16:18:49.079Z - info: Rendering template {shortid:rJfycQsfx, recipe:phantom-pdf,engine:handlebars} requestId=1
2016-11-29T16:18:49.080Z - debug: Inline data specified. requestId=1
2016-11-29T16:18:49.088Z - debug: Executing script Syzy9XjGl requestId=1
2016-11-29T16:18:49.166Z - debug: Resources not defined for this template. requestId=1
2016-11-29T16:18:49.170Z - debug: Rendering engine handlebars requestId=1
2016-11-29T16:18:49.330Z - debug: Compiled template not found in the cache, compiling timestamp=Tue Nov 29 2016 18:18:49 GMT+0200 (EET), requestId=1
2016-11-29T16:18:49.334Z - debug: Replaced images [] requestId=1
2016-11-29T16:18:49.336Z - debug: Executing recipe phantom-pdf requestId=1
2016-11-29T16:18:49.336Z - debug: Starting child request to render pdf header requestId=1
2016-11-29T16:18:49.341Z - info: Starting rendering request 2 (user: null) requestId=2
2016-11-29T16:18:49.343Z - info: Rendering template {shortid:rJfycQsfx, recipe:html,engine:handlebars} requestId=2
2016-11-29T16:18:49.343Z - debug: Inline data specified. requestId=2
2016-11-29T16:18:49.366Z - debug: Executing script Syzy9XjGl requestId=2
2016-11-29T16:18:49.433Z - debug: Resources not defined for this template. requestId=2
2016-11-29T16:18:49.433Z - debug: Rendering engine handlebars requestId=2
2016-11-29T16:18:49.571Z - debug: Compiled template not found in the cache, compiling timestamp=Tue Nov 29 2016 18:18:49 GMT+0200 (EET), requestId=2
2016-11-29T16:18:49.572Z - debug: Replaced images [] requestId=2
2016-11-29T16:18:49.572Z - debug: Executing recipe html requestId=2
2016-11-29T16:18:49.576Z - debug: Skipping storing report. requestId=2
2016-11-29T16:18:49.579Z - info: Rendering request 2 finished in 237 ms requestId=2
2016-11-29T16:18:49.580Z - debug: Starting child request to render pdf footer requestId=1
2016-11-29T16:18:49.582Z - info: Starting rendering request 3 (user: null) requestId=3
2016-11-29T16:18:49.585Z - info: Rendering template {shortid:rJfycQsfx, recipe:html,engine:handlebars} requestId=3
2016-11-29T16:18:49.585Z - debug: Inline data specified. requestId=3
2016-11-29T16:18:49.587Z - debug: Executing script Syzy9XjGl requestId=3
2016-11-29T16:18:49.656Z - debug: Resources not defined for this template. requestId=3
2016-11-29T16:18:49.657Z - debug: Rendering engine handlebars requestId=3
2016-11-29T16:18:49.791Z - debug: Compiled template not found in the cache, compiling timestamp=Tue Nov 29 2016 18:18:49 GMT+0200 (EET), requestId=3
2016-11-29T16:18:49.792Z - debug: Replaced images [] requestId=3
2016-11-29T16:18:49.793Z - debug: Executing recipe html requestId=3
2016-11-29T16:18:49.798Z - debug: Skipping storing report. requestId=3
2016-11-29T16:18:49.799Z - info: Rendering request 3 finished in 216 ms requestId=3
2016-11-29T16:18:51.427Z - debug: Converting in dedicated phantomjs 1.9.8 timestamp=Tue Nov 29 2016 18:18:50 GMT+0200 (EET), requestId=1
2016-11-29T16:18:51.427Z - debug: Request file:///%2Fvar%2Ffolders%2Fht%2Fh9ngsqps69j0kpjx1yzc3c1c0000gn%2FT%2Fjsreport-temp%2F83023390-b64f-11e6-a538-15a408d7cd88html.html timestamp=Tue Nov 29 2016 18:18:50 GMT+0200 (EET), requestId=1
2016-11-29T16:18:51.427Z - debug: Request http://code.jquery.com/jquery-1.11.0.min.js timestamp=Tue Nov 29 2016 18:18:50 GMT+0200 (EET), requestId=1
2016-11-29T16:18:51.428Z - debug: Request http://cdnjs.cloudflare.com/ajax/libs/flot/0.8.1/jquery.flot.min.js timestamp=Tue Nov 29 2016 18:18:50 GMT+0200 (EET), requestId=1
2016-11-29T16:18:51.428Z - debug: Request http://cdnjs.cloudflare.com/ajax/libs/flot/0.8.1/jquery.flot.categories.min.js timestamp=Tue Nov 29 2016 18:18:50 GMT+0200 (EET), requestId=1
2016-11-29T16:18:51.430Z - debug: phantom-pdf recipe finished with 1 pages generated requestId=1
2016-11-29T16:18:51.434Z - debug: Skipping storing report. requestId=1
2016-11-29T16:18:51.435Z - info: Rendering request 1 finished in 2360 ms requestId=1
2016-11-29T16:19:09.790Z - info: Starting rendering request 4 (user: null) requestId=4
2016-11-29T16:19:09.792Z - info: Rendering template {shortid:rJfycQsfx, recipe:phantom-pdf,engine:handlebars} requestId=4
2016-11-29T16:19:09.793Z - debug: Inline data specified. requestId=4
2016-11-29T16:19:09.795Z - debug: Executing script Syzy9XjGl requestId=4
2016-11-29T16:19:09.863Z - debug: Resources not defined for this template. requestId=4
2016-11-29T16:19:09.864Z - debug: Rendering engine handlebars requestId=4
2016-11-29T16:19:10.010Z - debug: Compiled template not found in the cache, compiling timestamp=Tue Nov 29 2016 18:19:09 GMT+0200 (EET), requestId=4
2016-11-29T16:19:10.012Z - debug: Replaced images [] requestId=4
2016-11-29T16:19:10.013Z - debug: Executing recipe phantom-pdf requestId=4
2016-11-29T16:19:10.013Z - debug: Starting child request to render pdf header requestId=4
2016-11-29T16:19:10.017Z - info: Starting rendering request 5 (user: null) requestId=5
2016-11-29T16:19:10.021Z - info: Rendering template {shortid:rJfycQsfx, recipe:html,engine:handlebars} requestId=5
2016-11-29T16:19:10.021Z - debug: Inline data specified. requestId=5
2016-11-29T16:19:10.023Z - debug: Executing script Syzy9XjGl requestId=5
2016-11-29T16:19:10.090Z - debug: Resources not defined for this template. requestId=5
2016-11-29T16:19:10.098Z - debug: Rendering engine handlebars requestId=5
2016-11-29T16:19:10.230Z - debug: Compiled template not found in the cache, compiling timestamp=Tue Nov 29 2016 18:19:10 GMT+0200 (EET), requestId=5
2016-11-29T16:19:10.231Z - debug: Replaced images [] requestId=5
2016-11-29T16:19:10.233Z - debug: Executing recipe html requestId=5
2016-11-29T16:19:10.238Z - debug: Skipping storing report. requestId=5
2016-11-29T16:19:10.239Z - info: Rendering request 5 finished in 224 ms requestId=5
2016-11-29T16:19:10.239Z - debug: Starting child request to render pdf footer requestId=4
2016-11-29T16:19:10.241Z - info: Starting rendering request 6 (user: null) requestId=6
2016-11-29T16:19:10.243Z - info: Rendering template {shortid:rJfycQsfx, recipe:html,engine:handlebars} requestId=6
2016-11-29T16:19:10.243Z - debug: Inline data specified. requestId=6
2016-11-29T16:19:10.245Z - debug: Executing script Syzy9XjGl requestId=6
2016-11-29T16:19:10.316Z - debug: Resources not defined for this template. requestId=6
2016-11-29T16:19:10.317Z - debug: Rendering engine handlebars requestId=6
2016-11-29T16:19:10.451Z - debug: Compiled template not found in the cache, compiling timestamp=Tue Nov 29 2016 18:19:10 GMT+0200 (EET), requestId=6
2016-11-29T16:19:10.452Z - debug: Replaced images [] requestId=6
2016-11-29T16:19:10.453Z - debug: Executing recipe html requestId=6
2016-11-29T16:19:10.462Z - debug: Skipping storing report. requestId=6
2016-11-29T16:19:10.462Z - info: Rendering request 6 finished in 221 ms requestId=6
2016-11-29T16:19:11.769Z - debug: Converting in dedicated phantomjs 1.9.8 timestamp=Tue Nov 29 2016 18:19:11 GMT+0200 (EET), requestId=4
2016-11-29T16:19:11.769Z - debug: Request file:///%2Fvar%2Ffolders%2Fht%2Fh9ngsqps69j0kpjx1yzc3c1c0000gn%2FT%2Fjsreport-temp%2F8f52f8f0-b64f-11e6-a538-15a408d7cd88html.html timestamp=Tue Nov 29 2016 18:19:11 GMT+0200 (EET), requestId=4
2016-11-29T16:19:11.770Z - debug: Request http://code.jquery.com/jquery-1.11.0.min.js timestamp=Tue Nov 29 2016 18:19:11 GMT+0200 (EET), requestId=4
2016-11-29T16:19:11.770Z - debug: Request http://cdnjs.cloudflare.com/ajax/libs/flot/0.8.1/jquery.flot.min.js timestamp=Tue Nov 29 2016 18:19:11 GMT+0200 (EET), requestId=4
2016-11-29T16:19:11.770Z - debug: Request http://cdnjs.cloudflare.com/ajax/libs/flot/0.8.1/jquery.flot.categories.min.js timestamp=Tue Nov 29 2016 18:19:11 GMT+0200 (EET), requestId=4
2016-11-29T16:19:11.771Z - debug: phantom-pdf recipe finished with 1 pages generated requestId=4
2016-11-29T16:19:11.778Z - debug: Skipping storing report. requestId=4
2016-11-29T16:19:11.779Z - info: Rendering request 4 finished in 1989 ms requestId=4
2016-11-29T16:19:19.644Z - debug: OData query on templates
2016-11-29T16:19:19.654Z - debug: OData query on settings
2016-11-29T16:19:24.606Z - info: Starting rendering request 7 (user: null) requestId=7
2016-11-29T16:19:24.606Z - info: Rendering anonymous template { recipe:undefined,engine:undefined} requestId=7
2016-11-29T16:19:24.607Z - debug: Data item not defined for this template. requestId=7
2016-11-29T16:19:24.609Z - debug: Resources not defined for this template. requestId=7
2016-11-29T16:19:24.617Z - error: Error when processing render request Error during rendering report: Engine must be specified
logs:
+0      Starting rendering request 7
+0      Rendering anonymous template { recipe:undefined,engine:undefined}
+1      Data item not defined for this template.
+3      Resources not defined for this template. Error: Engine must be specified
    at invokeRender (/Users/mohammedzaki/Documents/Mohamed_Zaki_Private/4_PHP/b2bpos/node_modules/jsreport/node_modules/jsreport-core/lib/render/render.js:66:11)
    at /Users/mohammedzaki/Documents/Mohamed_Zaki_Private/4_PHP/b2bpos/node_modules/jsreport/node_modules/jsreport-core/lib/render/render.js:144:12
    at _fulfilled (/Users/mohammedzaki/Documents/Mohamed_Zaki_Private/4_PHP/b2bpos/node_modules/jsreport/node_modules/jsreport-core/node_modules/listener-collection/node_modules/q/q.js:794:54)
    at self.promiseDispatch.done (/Users/mohammedzaki/Documents/Mohamed_Zaki_Private/4_PHP/b2bpos/node_modules/jsreport/node_modules/jsreport-core/node_modules/listener-collection/node_modules/q/q.js:823:30)
    at Promise.promise.promiseDispatch (/Users/mohammedzaki/Documents/Mohamed_Zaki_Private/4_PHP/b2bpos/node_modules/jsreport/node_modules/jsreport-core/node_modules/listener-collection/node_modules/q/q.js:756:13)
    at /Users/mohammedzaki/Documents/Mohamed_Zaki_Private/4_PHP/b2bpos/node_modules/jsreport/node_modules/jsreport-core/node_modules/listener-collection/node_modules/q/q.js:564:44
    at flush (/Users/mohammedzaki/Documents/Mohamed_Zaki_Private/4_PHP/b2bpos/node_modules/jsreport/node_modules/jsreport-core/node_modules/listener-collection/node_modules/q/q.js:110:17)
    at nextTickCallbackWith0Args (node.js:420:9)
    at process._tickCallback (node.js:349:13) requestId=7
2016-11-29T16:19:24.618Z - error: Error during processing request: http://localhost:5488/api/report details: Error during rendering report: Engine must be specified
logs:
+0      Starting rendering request 7
+0      Rendering anonymous template { recipe:undefined,engine:undefined}
+1      Data item not defined for this template.
+3      Resources not defined for this template. Error: Engine must be specified
    at invokeRender (/Users/mohammedzaki/Documents/Mohamed_Zaki_Private/4_PHP/b2bpos/node_modules/jsreport/node_modules/jsreport-core/lib/render/render.js:66:11)
    at /Users/mohammedzaki/Documents/Mohamed_Zaki_Private/4_PHP/b2bpos/node_modules/jsreport/node_modules/jsreport-core/lib/render/render.js:144:12
    at _fulfilled (/Users/mohammedzaki/Documents/Mohamed_Zaki_Private/4_PHP/b2bpos/node_modules/jsreport/node_modules/jsreport-core/node_modules/listener-collection/node_modules/q/q.js:794:54)
    at self.promiseDispatch.done (/Users/mohammedzaki/Documents/Mohamed_Zaki_Private/4_PHP/b2bpos/node_modules/jsreport/node_modules/jsreport-core/node_modules/listener-collection/node_modules/q/q.js:823:30)
    at Promise.promise.promiseDispatch (/Users/mohammedzaki/Documents/Mohamed_Zaki_Private/4_PHP/b2bpos/node_modules/jsreport/node_modules/jsreport-core/node_modules/listener-collection/node_modules/q/q.js:756:13)
    at /Users/mohammedzaki/Documents/Mohamed_Zaki_Private/4_PHP/b2bpos/node_modules/jsreport/node_modules/jsreport-core/node_modules/listener-collection/node_modules/q/q.js:564:44
    at flush (/Users/mohammedzaki/Documents/Mohamed_Zaki_Private/4_PHP/b2bpos/node_modules/jsreport/node_modules/jsreport-core/node_modules/listener-collection/node_modules/q/q.js:110:17)
    at nextTickCallbackWith0Args (node.js:420:9)
    at process._tickCallback (node.js:349:13)
2016-11-29T16:19:41.308Z - info: Starting rendering request 8 (user: null) requestId=8
2016-11-29T16:19:41.309Z - info: Rendering template {shortid:rJfycQsfx, recipe:phantom-pdf,engine:handlebars} requestId=8
2016-11-29T16:19:41.310Z - debug: Inline data specified. requestId=8
2016-11-29T16:19:41.312Z - debug: Executing script Syzy9XjGl requestId=8
2016-11-29T16:19:41.381Z - debug: Resources not defined for this template. requestId=8
2016-11-29T16:19:41.382Z - debug: Rendering engine handlebars requestId=8
2016-11-29T16:19:41.522Z - debug: Compiled template not found in the cache, compiling timestamp=Tue Nov 29 2016 18:19:41 GMT+0200 (EET), requestId=8
2016-11-29T16:19:41.524Z - debug: Replaced images [] requestId=8
2016-11-29T16:19:41.525Z - debug: Executing recipe phantom-pdf requestId=8
2016-11-29T16:19:41.525Z - debug: Starting child request to render pdf header requestId=8
2016-11-29T16:19:41.527Z - info: Starting rendering request 9 (user: null) requestId=9
2016-11-29T16:19:41.533Z - info: Rendering template {shortid:rJfycQsfx, recipe:html,engine:handlebars} requestId=9
2016-11-29T16:19:41.533Z - debug: Inline data specified. requestId=9
2016-11-29T16:19:41.535Z - debug: Executing script Syzy9XjGl requestId=9
2016-11-29T16:19:41.606Z - debug: Resources not defined for this template. requestId=9
2016-11-29T16:19:41.607Z - debug: Rendering engine handlebars requestId=9
2016-11-29T16:19:41.744Z - debug: Compiled template not found in the cache, compiling timestamp=Tue Nov 29 2016 18:19:41 GMT+0200 (EET), requestId=9
2016-11-29T16:19:41.749Z - debug: Replaced images [] requestId=9
2016-11-29T16:19:41.750Z - debug: Executing recipe html requestId=9
2016-11-29T16:19:41.755Z - debug: Skipping storing report. requestId=9
2016-11-29T16:19:41.756Z - info: Rendering request 9 finished in 229 ms requestId=9
2016-11-29T16:19:41.757Z - debug: Starting child request to render pdf footer requestId=8
2016-11-29T16:19:41.759Z - info: Starting rendering request 10 (user: null) requestId=10
2016-11-29T16:19:41.761Z - info: Rendering template {shortid:rJfycQsfx, recipe:html,engine:handlebars} requestId=10
2016-11-29T16:19:41.761Z - debug: Inline data specified. requestId=10
2016-11-29T16:19:41.763Z - debug: Executing script Syzy9XjGl requestId=10
2016-11-29T16:19:41.832Z - debug: Resources not defined for this template. requestId=10
2016-11-29T16:19:41.833Z - debug: Rendering engine handlebars requestId=10
2016-11-29T16:19:41.977Z - debug: Compiled template not found in the cache, compiling timestamp=Tue Nov 29 2016 18:19:41 GMT+0200 (EET), requestId=10
2016-11-29T16:19:41.978Z - debug: Replaced images [] requestId=10
2016-11-29T16:19:41.980Z - debug: Executing recipe html requestId=10
2016-11-29T16:19:41.986Z - debug: Skipping storing report. requestId=10
2016-11-29T16:19:41.989Z - info: Rendering request 10 finished in 230 ms requestId=10
2016-11-29T16:19:43.270Z - debug: Converting in dedicated phantomjs 1.9.8 timestamp=Tue Nov 29 2016 18:19:42 GMT+0200 (EET), requestId=8
2016-11-29T16:19:43.270Z - debug: Request file:///%2Fvar%2Ffolders%2Fht%2Fh9ngsqps69j0kpjx1yzc3c1c0000gn%2FT%2Fjsreport-temp%2Fa21d9c60-b64f-11e6-a538-15a408d7cd88html.html timestamp=Tue Nov 29 2016 18:19:42 GMT+0200 (EET), requestId=8
2016-11-29T16:19:43.270Z - debug: Request http://code.jquery.com/jquery-1.11.0.min.js timestamp=Tue Nov 29 2016 18:19:42 GMT+0200 (EET), requestId=8
2016-11-29T16:19:43.270Z - debug: Request http://cdnjs.cloudflare.com/ajax/libs/flot/0.8.1/jquery.flot.min.js timestamp=Tue Nov 29 2016 18:19:42 GMT+0200 (EET), requestId=8
2016-11-29T16:19:43.270Z - debug: Request http://cdnjs.cloudflare.com/ajax/libs/flot/0.8.1/jquery.flot.categories.min.js timestamp=Tue Nov 29 2016 18:19:42 GMT+0200 (EET), requestId=8
2016-11-29T16:19:43.272Z - debug: phantom-pdf recipe finished with 1 pages generated requestId=8
2016-11-29T16:19:43.279Z - debug: Skipping storing report. requestId=8
2016-11-29T16:19:43.280Z - info: Rendering request 8 finished in 1971 ms requestId=8
2016-11-29T16:21:02.433Z - debug: OData query on templates
2016-11-29T16:21:02.441Z - debug: OData query on settings
2016-11-29T16:21:04.993Z - debug: OData query on templates
2016-11-29T16:21:05.027Z - debug: OData query on settings
2016-11-29T16:21:08.720Z - info: Starting rendering request 11 (user: null) requestId=11
2016-11-29T16:21:08.721Z - info: Rendering template {shortid:rJfycQsfx, recipe:phantom-pdf,engine:handlebars} requestId=11
2016-11-29T16:21:08.722Z - debug: Inline data specified. requestId=11
2016-11-29T16:21:08.724Z - debug: Executing script Syzy9XjGl requestId=11
2016-11-29T16:21:08.793Z - debug: Resources not defined for this template. requestId=11
2016-11-29T16:21:08.794Z - debug: Rendering engine handlebars requestId=11
2016-11-29T16:21:08.935Z - debug: Compiled template not found in the cache, compiling timestamp=Tue Nov 29 2016 18:21:08 GMT+0200 (EET), requestId=11
2016-11-29T16:21:08.940Z - debug: Replaced images [] requestId=11
2016-11-29T16:21:08.940Z - debug: Executing recipe phantom-pdf requestId=11
2016-11-29T16:21:08.941Z - debug: Starting child request to render pdf header requestId=11
2016-11-29T16:21:08.942Z - info: Starting rendering request 12 (user: null) requestId=12
2016-11-29T16:21:08.944Z - info: Rendering template {shortid:rJfycQsfx, recipe:html,engine:handlebars} requestId=12
2016-11-29T16:21:08.945Z - debug: Inline data specified. requestId=12
2016-11-29T16:21:08.947Z - debug: Executing script Syzy9XjGl requestId=12
2016-11-29T16:21:09.016Z - debug: Resources not defined for this template. requestId=12
2016-11-29T16:21:09.017Z - debug: Rendering engine handlebars requestId=12
2016-11-29T16:21:09.151Z - debug: Compiled template not found in the cache, compiling timestamp=Tue Nov 29 2016 18:21:09 GMT+0200 (EET), requestId=12
2016-11-29T16:21:09.152Z - debug: Replaced images [] requestId=12
2016-11-29T16:21:09.154Z - debug: Executing recipe html requestId=12
2016-11-29T16:21:09.162Z - debug: Skipping storing report. requestId=12
2016-11-29T16:21:09.163Z - info: Rendering request 12 finished in 221 ms requestId=12
2016-11-29T16:21:09.163Z - debug: Starting child request to render pdf footer requestId=11
2016-11-29T16:21:09.165Z - info: Starting rendering request 13 (user: null) requestId=13
2016-11-29T16:21:09.168Z - info: Rendering template {shortid:rJfycQsfx, recipe:html,engine:handlebars} requestId=13
2016-11-29T16:21:09.168Z - debug: Inline data specified. requestId=13
2016-11-29T16:21:09.170Z - debug: Executing script Syzy9XjGl requestId=13
2016-11-29T16:21:09.241Z - debug: Resources not defined for this template. requestId=13
2016-11-29T16:21:09.242Z - debug: Rendering engine handlebars requestId=13
2016-11-29T16:21:09.379Z - debug: Compiled template not found in the cache, compiling timestamp=Tue Nov 29 2016 18:21:09 GMT+0200 (EET), requestId=13
2016-11-29T16:21:09.380Z - debug: Replaced images [] requestId=13
2016-11-29T16:21:09.381Z - debug: Executing recipe html requestId=13
2016-11-29T16:21:09.388Z - debug: Skipping storing report. requestId=13
2016-11-29T16:21:09.389Z - info: Rendering request 13 finished in 223 ms requestId=13
2016-11-29T16:21:10.928Z - debug: Converting in dedicated phantomjs 1.9.8 timestamp=Tue Nov 29 2016 18:21:10 GMT+0200 (EET), requestId=11
2016-11-29T16:21:10.929Z - debug: Request file:///%2Fvar%2Ffolders%2Fht%2Fh9ngsqps69j0kpjx1yzc3c1c0000gn%2FT%2Fjsreport-temp%2Fd635a3d0-b64f-11e6-a538-15a408d7cd88html.html timestamp=Tue Nov 29 2016 18:21:10 GMT+0200 (EET), requestId=11
2016-11-29T16:21:10.929Z - debug: Request http://code.jquery.com/jquery-1.11.0.min.js timestamp=Tue Nov 29 2016 18:21:10 GMT+0200 (EET), requestId=11
2016-11-29T16:21:10.929Z - debug: Request http://cdnjs.cloudflare.com/ajax/libs/flot/0.8.1/jquery.flot.min.js timestamp=Tue Nov 29 2016 18:21:10 GMT+0200 (EET), requestId=11
2016-11-29T16:21:10.929Z - debug: Request http://cdnjs.cloudflare.com/ajax/libs/flot/0.8.1/jquery.flot.categories.min.js timestamp=Tue Nov 29 2016 18:21:10 GMT+0200 (EET), requestId=11
2016-11-29T16:21:10.930Z - debug: phantom-pdf recipe finished with 1 pages generated requestId=11
2016-11-29T16:21:10.934Z - debug: Skipping storing report. requestId=11
2016-11-29T16:21:10.934Z - info: Rendering request 11 finished in 2215 ms requestId=11
2016-11-29T16:21:26.814Z - debug: OData query on templates
2016-11-29T16:21:26.822Z - debug: OData query on settings
2016-11-29T16:21:29.331Z - debug: OData query on scripts
2016-11-29T16:21:29.337Z - debug: OData query on templates
2016-11-29T16:21:29.378Z - debug: OData query on settings
2016-11-29T16:21:37.366Z - debug: OData update on scripts
2016-11-29T16:21:38.669Z - debug: OData query on templates
2016-11-29T16:21:38.679Z - debug: OData query on settings
